2024-08-06 13:39:05 error: This is an error message
2024-08-06 13:39:05 fatal: This is a fatal message
2024-08-06 13:39:05 error: This is a caught error Test error
2024-08-06 13:41:28 [31merror[39m: [31mThis is an error message[39m
2024-08-06 13:41:28 [35mfatal[39m: [35mThis is a fatal message[39m
2024-08-06 13:41:28 [31merror[39m: [31mThis is a caught error Test error[39m
2024-08-08 21:12:20 [31merror[39m: [31mError: [39m
2024-08-08 21:12:20 [31merror[39m: [31mStack trace: [39m
2024-08-08 21:13:31 [31merror[39m: [31mError: [39m
2024-08-08 21:13:31 [31merror[39m: [31mStack trace: [39m
2024-08-11 19:55:20 [31merror[39m: [31mError: [39m
2024-08-11 19:55:20 [31merror[39m: [31mStack trace: [39m
2024-09-01 21:08:29 [31merror[39m: [31mError: [39m
2024-09-01 21:08:29 [31merror[39m: [31mStack trace: [39m
2024-09-01 21:08:30 [31merror[39m: [31mError: [39m
2024-09-01 21:08:30 [31merror[39m: [31mStack trace: [39m
2024-09-01 21:45:05 [31merror[39m: [31mError: [39m
2024-09-01 21:45:05 [31merror[39m: [31mStack trace: [39m
2024-09-01 21:45:37 [31merror[39m: [31mError: [39m
2024-09-01 21:45:37 [31merror[39m: [31mStack trace: [39m
2024-09-01 21:47:08 [31merror[39m: [31mError: [39m
2024-09-01 21:47:08 [31merror[39m: [31mStack trace: [39m
2024-09-01 21:48:05 [31merror[39m: [31mError: [39m
2024-09-01 21:48:05 [31merror[39m: [31mStack trace: [39m
2024-09-01 21:48:21 [31merror[39m: [31mError: [39m
2024-09-01 21:48:21 [31merror[39m: [31mStack trace: [39m
2024-09-01 21:48:40 [31merror[39m: [31mError: [39m
2024-09-01 21:48:40 [31merror[39m: [31mStack trace: [39m
2024-09-01 21:48:44 [31merror[39m: [31mError: [39m
2024-09-01 21:48:44 [31merror[39m: [31mStack trace: [39m
2024-09-01 21:48:55 [31merror[39m: [31mError: [39m
2024-09-01 21:48:55 [31merror[39m: [31mStack trace: [39m
2024-09-01 21:49:05 [31merror[39m: [31mError: [39m
2024-09-01 21:49:05 [31merror[39m: [31mStack trace: [39m
2024-09-01 21:49:10 [31merror[39m: [31mError: [39m
2024-09-01 21:49:10 [31merror[39m: [31mStack trace: [39m
2024-09-01 21:49:13 [31merror[39m: [31mError: [39m
2024-09-01 21:49:13 [31merror[39m: [31mStack trace: [39m
2024-09-01 21:49:32 [31merror[39m: [31mError: [39m
2024-09-01 21:49:32 [31merror[39m: [31mStack trace: [39m
2024-09-01 21:49:41 [31merror[39m: [31mError: [39m
2024-09-01 21:49:41 [31merror[39m: [31mStack trace: [39m
2024-09-01 21:49:58 [31merror[39m: [31mError: [39m
2024-09-01 21:49:58 [31merror[39m: [31mStack trace: [39m
2024-09-01 21:52:22 [31merror[39m: [31mError: [39m
2024-09-01 21:52:22 [31merror[39m: [31mStack trace: [39m
2024-09-01 21:52:24 [31merror[39m: [31mError: [39m
2024-09-01 21:52:24 [31merror[39m: [31mStack trace: [39m
2024-09-01 21:53:40 [31merror[39m: [31mError: [39m
2024-09-01 21:53:40 [31merror[39m: [31mStack trace: [39m
2024-09-01 21:53:42 [31merror[39m: [31mError: [39m
2024-09-01 21:53:42 [31merror[39m: [31mStack trace: [39m
2024-09-01 21:53:46 [31merror[39m: [31mError: [39m
2024-09-01 21:53:46 [31merror[39m: [31mStack trace: [39m
2024-09-01 21:55:04 [31merror[39m: [31mError: [39m
2024-09-01 21:55:04 [31merror[39m: [31mStack trace: [39m
2024-09-01 21:56:46 [31merror[39m: [31mError: [39m
2024-09-01 21:56:46 [31merror[39m: [31mStack trace: [39m
2024-09-01 21:59:48 [31merror[39m: [31mError: [39m
2024-09-01 21:59:48 [31merror[39m: [31mStack trace: [39m
2024-09-01 22:00:13 [31merror[39m: [31mError: [39m
2024-09-01 22:00:13 [31merror[39m: [31mStack trace: [39m
2024-09-01 22:02:16 [31merror[39m: [31mError: [39m
2024-09-01 22:02:16 [31merror[39m: [31mStack trace: [39m
2024-09-01 22:02:49 [31merror[39m: [31mError: [39m
2024-09-01 22:02:49 [31merror[39m: [31mStack trace: [39m
2024-09-01 22:06:05 [31merror[39m: [31mError: [39m
2024-09-01 22:06:05 [31merror[39m: [31mStack trace: [39m
2024-09-01 22:14:18 [31merror[39m: [31mError: [39m
2024-09-01 22:14:18 [31merror[39m: [31mStack trace: [39m
2024-09-01 22:14:19 [31merror[39m: [31mError: [39m
2024-09-01 22:14:19 [31merror[39m: [31mStack trace: [39m
2024-09-01 22:14:32 [31merror[39m: [31mError: [39m
2024-09-01 22:14:32 [31merror[39m: [31mStack trace: [39m
2024-09-01 22:58:25 [31merror[39m: [31mError: [39m
2024-09-01 22:58:25 [31merror[39m: [31mStack trace: [39m
2024-09-01 22:59:08 [31merror[39m: [31mError: [39m
2024-09-01 22:59:08 [31merror[39m: [31mStack trace: [39m
2024-09-01 22:59:09 [31merror[39m: [31mError: [39m
2024-09-01 22:59:09 [31merror[39m: [31mStack trace: [39m
2024-09-01 22:59:45 [31merror[39m: [31mError: [39m
2024-09-01 22:59:45 [31merror[39m: [31mStack trace: [39m
2024-09-01 23:01:51 [31merror[39m: [31mError: [39m
2024-09-01 23:01:51 [31merror[39m: [31mStack trace: [39m
2024-09-01 23:01:51 [31merror[39m: [31mError: [39m
2024-09-01 23:01:51 [31merror[39m: [31mStack trace: [39m
2024-09-01 23:03:21 [31merror[39m: [31mError: [39m
2024-09-01 23:03:21 [31merror[39m: [31mStack trace: [39m
2024-09-01 23:07:43 [31merror[39m: [31mError: [39m
2024-09-01 23:07:43 [31merror[39m: [31mStack trace: [39m
2024-09-03 11:39:18 [31merror[39m: [31mError: [39m
2024-09-03 11:39:18 [31merror[39m: [31mStack trace: [39m
2024-09-04 11:48:16 [31merror[39m: [31mError: [39m
2024-09-04 11:48:16 [31merror[39m: [31mStack trace: [39m
2024-09-04 12:08:37 [31merror[39m: [31mError: [39m
2024-09-04 12:08:37 [31merror[39m: [31mStack trace: [39m
2024-09-04 12:19:35 [31merror[39m: [31mError: [39m
2024-09-04 12:19:35 [31merror[39m: [31mStack trace: [39m
2024-09-04 12:20:54 [31merror[39m: [31mError: [39m
2024-09-04 12:20:54 [31merror[39m: [31mStack trace: [39m
2024-09-04 12:22:24 [31merror[39m: [31mError: [39m
2024-09-04 12:22:24 [31merror[39m: [31mStack trace: [39m
2024-09-04 12:23:10 [31merror[39m: [31mError: [39m
2024-09-04 12:23:10 [31merror[39m: [31mStack trace: [39m
2024-09-04 12:23:10 [31merror[39m: [31mError: [39m
2024-09-04 12:23:10 [31merror[39m: [31mStack trace: [39m
2024-09-04 12:23:42 [31merror[39m: [31mError: [39m
2024-09-04 12:23:42 [31merror[39m: [31mStack trace: [39m
2024-09-04 12:24:57 [31merror[39m: [31mError: [39m
2024-09-04 12:24:57 [31merror[39m: [31mStack trace: [39m
2024-09-04 12:24:57 [31merror[39m: [31mError: [39m
2024-09-04 12:24:57 [31merror[39m: [31mStack trace: [39m
2024-09-04 12:28:41 [31merror[39m: [31mError: [39m
2024-09-04 12:28:41 [31merror[39m: [31mStack trace: [39m
2024-09-04 12:31:01 [31merror[39m: [31mError: [39m
2024-09-04 12:31:01 [31merror[39m: [31mStack trace: [39m
2024-09-04 12:31:01 [31merror[39m: [31mError: [39m
2024-09-04 12:31:01 [31merror[39m: [31mStack trace: [39m
2024-09-04 12:36:54 [31merror[39m: [31mError: [39m
2024-09-04 12:36:54 [31merror[39m: [31mStack trace: [39m
2024-09-04 12:38:49 [31merror[39m: [31mError: [39m
2024-09-04 12:38:49 [31merror[39m: [31mStack trace: [39m
2024-09-04 12:40:37 [31merror[39m: [31mError: [39m
2024-09-04 12:40:37 [31merror[39m: [31mStack trace: [39m
2024-09-04 12:40:37 [31merror[39m: [31mError: [39m
2024-09-04 12:40:37 [31merror[39m: [31mStack trace: [39m
2024-09-04 12:40:37 [31merror[39m: [31mError: [39m
2024-09-04 12:40:37 [31merror[39m: [31mStack trace: [39m
2024-09-04 12:44:39 [31merror[39m: [31mError: [39m
2024-09-04 12:44:39 [31merror[39m: [31mStack trace: [39m
2024-09-04 12:44:40 [31merror[39m: [31mError: [39m
2024-09-04 12:44:40 [31merror[39m: [31mStack trace: [39m
2024-09-04 12:48:27 [31merror[39m: [31mError: [39m
2024-09-04 12:48:27 [31merror[39m: [31mStack trace: [39m
2024-09-04 12:48:28 [31merror[39m: [31mError: [39m
2024-09-04 12:48:28 [31merror[39m: [31mStack trace: [39m
2024-09-04 12:52:08 [31merror[39m: [31mError: [39m
2024-09-04 12:52:08 [31merror[39m: [31mStack trace: [39m
2024-09-04 12:52:08 [31merror[39m: [31mError: [39m
2024-09-04 12:52:08 [31merror[39m: [31mStack trace: [39m
2024-09-04 12:52:09 [31merror[39m: [31mError: [39m
2024-09-04 12:52:09 [31merror[39m: [31mStack trace: [39m
2024-09-04 12:57:13 [31merror[39m: [31mError: [39m
2024-09-04 12:57:13 [31merror[39m: [31mStack trace: [39m
2024-09-04 12:57:14 [31merror[39m: [31mError: [39m
2024-09-04 12:57:14 [31merror[39m: [31mStack trace: [39m
2024-09-04 12:59:07 [31merror[39m: [31mError: [39m
2024-09-04 12:59:07 [31merror[39m: [31mStack trace: [39m
2024-09-04 12:59:08 [31merror[39m: [31mError: [39m
2024-09-04 12:59:08 [31merror[39m: [31mStack trace: [39m
2024-09-04 12:59:08 [31merror[39m: [31mError: [39m
2024-09-04 12:59:08 [31merror[39m: [31mStack trace: [39m
2024-09-04 13:05:39 [31merror[39m: [31mError: [39m
2024-09-04 13:05:39 [31merror[39m: [31mStack trace: [39m
2024-09-04 13:05:40 [31merror[39m: [31mError: [39m
2024-09-04 13:05:40 [31merror[39m: [31mStack trace: [39m
2024-09-04 13:05:40 [31merror[39m: [31mError: [39m
2024-09-04 13:05:40 [31merror[39m: [31mStack trace: [39m
2024-09-06 11:56:31 [31merror[39m: [31mError: [39m
2024-09-06 11:56:31 [31merror[39m: [31mStack trace: [39m
2024-09-06 11:56:31 [31merror[39m: [31mError: [39m
2024-09-06 11:56:31 [31merror[39m: [31mStack trace: [39m
2024-09-06 11:58:32 [31merror[39m: [31mError: [39m
2024-09-06 11:58:32 [31merror[39m: [31mStack trace: [39m
2024-09-06 12:03:01 [31merror[39m: [31mError: [39m
2024-09-06 12:03:01 [31merror[39m: [31mStack trace: [39m
2024-09-06 12:03:01 [31merror[39m: [31mError: [39m
2024-09-06 12:03:01 [31merror[39m: [31mStack trace: [39m
2024-09-06 12:03:01 [31merror[39m: [31mError: [39m
2024-09-06 12:03:01 [31merror[39m: [31mStack trace: [39m
2024-09-06 12:03:01 [31merror[39m: [31mError: [39m
2024-09-06 12:03:01 [31merror[39m: [31mStack trace: [39m
2024-09-06 12:03:39 [31merror[39m: [31mError: [39m
2024-09-06 12:03:39 [31merror[39m: [31mStack trace: [39m
2024-09-06 12:11:51 [31merror[39m: [31mError: [39m
2024-09-06 12:11:51 [31merror[39m: [31mStack trace: [39m
2024-09-06 12:15:09 [31merror[39m: [31mError: [39m
2024-09-06 12:15:09 [31merror[39m: [31mStack trace: [39m
2024-09-06 12:16:05 [31merror[39m: [31mError: [39m
2024-09-06 12:16:05 [31merror[39m: [31mStack trace: [39m
2024-09-06 12:16:33 [31merror[39m: [31mError: [39m
2024-09-06 12:16:33 [31merror[39m: [31mStack trace: [39m
2024-09-06 12:16:34 [31merror[39m: [31mError: [39m
2024-09-06 12:16:34 [31merror[39m: [31mStack trace: [39m
2024-09-06 12:16:34 [31merror[39m: [31mError: [39m
2024-09-06 12:16:34 [31merror[39m: [31mStack trace: [39m
2024-09-06 12:16:34 [31merror[39m: [31mError: [39m
2024-09-06 12:16:34 [31merror[39m: [31mStack trace: [39m
2024-09-06 12:17:17 [31merror[39m: [31mError: [39m
2024-09-06 12:17:17 [31merror[39m: [31mStack trace: [39m
2024-09-06 21:28:59 [31merror[39m: [31mError: [39m
2024-09-06 21:28:59 [31merror[39m: [31mStack trace: [39m
2024-09-06 21:31:44 [31merror[39m: [31mError: [39m
2024-09-06 21:31:44 [31merror[39m: [31mStack trace: [39m
2024-09-07 17:24:31 [31merror[39m: [31mError: [39m
2024-09-07 17:24:31 [31merror[39m: [31mStack trace: [39m
2024-09-07 20:42:51 [31merror[39m: [31mError: [39m
2024-09-07 20:42:51 [31merror[39m: [31mStack trace: [39m
